<?xml version="1.0" encoding="UTF-8"?>
<testsuite name="entityClasses.BoardTest" tests="5" skipped="0" failures="0" errors="0" timestamp="2016-10-30T14:32:27" hostname="JuliaPC" time="0.004">
  <properties/>
  <testcase name="testGetBoard" classname="entityClasses.BoardTest" time="0.0"/>
  <testcase name="testFullBoard" classname="entityClasses.BoardTest" time="0.0"/>
  <testcase name="testPlayerPosition" classname="entityClasses.BoardTest" time="0.001"/>
  <testcase name="testOccupied" classname="entityClasses.BoardTest" time="0.0"/>
  <testcase name="testWinner" classname="entityClasses.BoardTest" time="0.0"/>
  <system-out><![CDATA[]]></system-out>
  <system-err><![CDATA[]]></system-err>
</testsuite>
